[2025-09-16T16:50:20.729Z] [INFO] ===== INICIANDO SISTEMA DA PADARIA DOCE SABOR =====
[2025-09-16T16:50:20.735Z] [INFO] Buscando todos os produtos...
[2025-09-16T16:50:20.737Z] [INFO] Buscando todas as categorias...
[2025-09-16T16:50:20.741Z] [INFO] Adicionando novo produto: Sonho de Creme
[2025-09-16T16:50:20.741Z] [INFO] Buscando todos os produtos...
[2025-09-16T16:50:20.742Z] [INFO] Produto "Sonho de Creme" adicionado com sucesso com o ID 4.
[2025-09-16T16:50:20.743Z] [INFO] Buscando todos os produtos...
[2025-09-16T16:50:20.744Z] [INFO] Buscando produto com ID: 2
[2025-09-16T16:50:20.745Z] [INFO] Buscando todos os produtos...
[2025-09-16T16:50:20.745Z] [INFO] Produto encontrado: Bolo de Chocolate
[2025-09-16T16:50:20.747Z] [INFO] ===== SISTEMA DA PADARIA FINALIZADO =====
[2025-09-16T16:50:31.523Z] [INFO] ===== INICIANDO SISTEMA DA PADARIA DOCE SABOR =====
[2025-09-16T16:50:31.528Z] [INFO] Buscando todos os produtos...
[2025-09-16T16:50:31.529Z] [INFO] Buscando todas as categorias...
[2025-09-16T16:50:31.531Z] [INFO] Buscando todos os produtos...
[2025-09-16T16:50:31.531Z] [INFO] Adicionando novo produto: Sonho de Creme
[2025-09-16T16:50:31.532Z] [INFO] Produto "Sonho de Creme" adicionado com sucesso com o ID 5.
[2025-09-16T16:50:31.533Z] [INFO] Buscando todos os produtos...
[2025-09-16T16:50:31.534Z] [INFO] Buscando todos os produtos...
[2025-09-16T16:50:31.534Z] [INFO] Buscando produto com ID: 2
[2025-09-16T16:50:31.535Z] [INFO] Produto encontrado: Bolo de Chocolate
[2025-09-16T16:50:31.536Z] [INFO] ===== SISTEMA DA PADARIA FINALIZADO =====
[2025-09-16T16:50:42.193Z] [INFO] ===== INICIANDO SISTEMA DA PADARIA DOCE SABOR =====
[2025-09-16T16:50:42.199Z] [INFO] Buscando todos os produtos...
[2025-09-16T16:50:42.200Z] [INFO] Buscando todas as categorias...
[2025-09-16T16:50:42.203Z] [INFO] Adicionando novo produto: Sonho de Creme
[2025-09-16T16:50:42.203Z] [INFO] Buscando todos os produtos...
[2025-09-16T16:50:42.204Z] [INFO] Produto "Sonho de Creme" adicionado com sucesso com o ID 6.
[2025-09-16T16:50:42.204Z] [INFO] Buscando todos os produtos...
[2025-09-16T16:50:42.206Z] [INFO] Buscando produto com ID: 2
[2025-09-16T16:50:42.206Z] [INFO] Buscando todos os produtos...
[2025-09-16T16:50:42.206Z] [INFO] Produto encontrado: Bolo de Chocolate
[2025-09-16T16:50:42.207Z] [INFO] ===== SISTEMA DA PADARIA FINALIZADO =====
[2025-09-16T16:50:51.718Z] [INFO] ===== INICIANDO SISTEMA DA PADARIA DOCE SABOR =====
[2025-09-16T16:50:51.723Z] [INFO] Buscando todos os produtos...
[2025-09-16T16:50:51.724Z] [INFO] Buscando todas as categorias...
[2025-09-16T16:50:51.726Z] [INFO] Buscando todos os produtos...
[2025-09-16T16:50:51.726Z] [INFO] Adicionando novo produto: Sonho de Creme
[2025-09-16T16:50:51.728Z] [INFO] Produto "Sonho de Creme" adicionado com sucesso com o ID 7.
[2025-09-16T16:50:51.729Z] [INFO] Buscando todos os produtos...
[2025-09-16T16:50:51.731Z] [INFO] Buscando produto com ID: 2
[2025-09-16T16:50:51.731Z] [INFO] Buscando todos os produtos...
[2025-09-16T16:50:51.731Z] [INFO] Produto encontrado: Bolo de Chocolate
[2025-09-16T16:50:51.732Z] [INFO] ===== SISTEMA DA PADARIA FINALIZADO =====
